<?xml version="1.0" encoding="UTF-8"?>
<testng-results ignored="0" total="1" passed="1" failed="0" skipped="0">
  <reporter-output>
  </reporter-output>
  <suite started-at="2024-07-06T12:56:08 IST" name="Default suite" finished-at="2024-07-06T12:56:32 IST" duration-ms="23997">
    <groups>
    </groups>
    <test started-at="2024-07-06T12:56:08 IST" name="Default test" finished-at="2024-07-06T12:56:32 IST" duration-ms="23997">
      <class name="RunnableClass.RunnableClass">
        <test-method is-config="true" signature="Setup()[pri:0, instance:RunnableClass.RunnableClass@6bbe2511]" started-at="2024-07-06T12:56:08 IST" name="Setup" finished-at="2024-07-06T12:56:11 IST" duration-ms="2464" status="PASS">
          <reporter-output>
          </reporter-output>
        </test-method> <!-- Setup -->
        <test-method signature="AlertboxTestCase()[pri:2, instance:RunnableClass.RunnableClass@6bbe2511]" started-at="2024-07-06T12:56:11 IST" name="AlertboxTestCase" finished-at="2024-07-06T12:56:31 IST" duration-ms="20144" status="PASS">
          <reporter-output>
          </reporter-output>
        </test-method> <!-- AlertboxTestCase -->
        <test-method is-config="true" signature="Teardown()[pri:0, instance:RunnableClass.RunnableClass@6bbe2511]" started-at="2024-07-06T12:56:31 IST" name="Teardown" finished-at="2024-07-06T12:56:32 IST" duration-ms="1320" status="PASS">
          <reporter-output>
          </reporter-output>
        </test-method> <!-- Teardown -->
      </class> <!-- RunnableClass.RunnableClass -->
    </test> <!-- Default test -->
  </suite> <!-- Default suite -->
</testng-results>
